printing args util/curation_script.sh bash jk-bash ubuntu:18.04 enclave-key.pem y n verifier/ssl_common/ca.crt n n


Sending build context to Docker daemon  10.75kB
Step 1/4 : From jk-bash
 ---> f6824fd9db8c
Step 2/4 : COPY ca.crt /ca.crt
 ---> 96788e24e7e3
Step 3/4 : COPY entry_script_bash.sh /usr/local/bin/entry_script_bash.sh
 ---> 95c271c74be4
Step 4/4 : ENTRYPOINT ["/bin/bash", "/usr/local/bin/entry_script_bash.sh"]
 ---> Running in d20e5ad1e79b
Removing intermediate container d20e5ad1e79b
 ---> 17f6c0208cea
Successfully built 17f6c0208cea
Successfully tagged jk-bash_x:latest

Cloning into 'gsc'...
Building unsigned graminized Docker image `gsc-jk-bash_x-unsigned` from original application image `jk-bash_x`...
Step 1/29 : FROM ubuntu:18.04 AS gramine

 ---> 35b3f4f76a24
Step 2/29 : RUN env DEBIAN_FRONTEND=noninteractive apt-get update     && env DEBIAN_FRONTEND=noninteractive apt-get install -y         autoconf         bison         build-essential         coreutils         curl         gawk         git         libcurl4-openssl-dev         libprotobuf-c-dev         linux-headers-generic         nasm         ninja-build         pkg-config         protobuf-c-compiler         protobuf-compiler         python3         python3-cryptography         python3-pip         python3-protobuf         wget     && /usr/bin/python3 -B -m pip install 'toml>=0.10' 'meson>=0.56'

 ---> Using cache
 ---> 2d489d5ae289
Step 3/29 : COPY intel-sgx-deb.key /

 ---> Using cache
 ---> 3150fa5daf5d
Step 4/29 : RUN echo 'deb [arch=amd64] https://download.01.org/intel-sgx/sgx_repo/ubuntu bionic main'     > /etc/apt/sources.list.d/intel-sgx.list     && apt-key add intel-sgx-deb.key

 ---> Using cache
 ---> 542e9dd44303
Step 5/29 : RUN env DEBIAN_FRONTEND=noninteractive apt-get update     && env DEBIAN_FRONTEND=noninteractive apt-get install -y libsgx-dcap-quote-verify-dev

 ---> Using cache
 ---> 72d29f3ed1d6
Step 6/29 : RUN git clone https://github.com/gramineproject/gramine.git /gramine

 ---> Using cache
 ---> 6cb9d6c85744
Step 7/29 : RUN cd /gramine     && git fetch origin master     && git checkout master

 ---> Using cache
 ---> 8e1483059767
Step 8/29 : RUN cd /gramine     && git clone https://github.com/intel/SGXDataCenterAttestationPrimitives.git driver     && cd driver     && git checkout DCAP_1.11 && cp -r driver/linux/* .

 ---> Using cache
 ---> d4161c0772b4
Step 9/29 : RUN cd /gramine     && meson setup build/ --prefix="/gramine/meson_build_output"        --buildtype=release        -Ddirect=enabled -Dsgx=enabled        -Ddcap=enabled                -Dsgx_driver=dcap1.10 -Dsgx_driver_include_path=/gramine/driver/driver/linux/include             && ninja -C build     && ninja -C build install

 ---> Using cache
 ---> 84087dc88786
Step 10/29 : FROM jk-bash_x

 ---> 17f6c0208cea
Step 11/29 : USER root

 ---> Running in 132108b042ce
 ---> b6d1743f1e1f
Step 12/29 : RUN apt-get update     && env DEBIAN_FRONTEND=noninteractive apt-get install -y         binutils         libcurl4-openssl-dev         libprotobuf-c-dev         locales         locales-all         openssl         python3         python3-cryptography         python3-pip         python3-protobuf         python3-pyelftools     && /usr/bin/python3 -B -m pip install click jinja2 protobuf 'toml>=0.10'

 ---> Running in 2faa3f41c4ed
Hit:1 http://archive.ubuntu.com/ubuntu bionic InRelease
Get:2 http://archive.ubuntu.com/ubuntu bionic-updates InRelease [88.7 kB]
Get:3 http://security.ubuntu.com/ubuntu bionic-security InRelease [88.7 kB]
Get:4 http://archive.ubuntu.com/ubuntu bionic-backports InRelease [74.6 kB]
Fetched 252 kB in 1s (205 kB/s)
Reading package lists...

Reading package lists...

Building dependency tree...

Reading state information...
The following additional packages will be installed:
  binutils-common binutils-x86-64-linux-gnu build-essential ca-certificates
  cpp cpp-7 dbus dh-python dirmngr dpkg-dev fakeroot file g++ g++-7 gcc gcc-7
  gcc-7-base gir1.2-glib-2.0 gnupg gnupg-l10n gnupg-utils gpg gpg-agent
  gpg-wks-client gpg-wks-server gpgconf gpgsm krb5-locales
  libalgorithm-diff-perl libalgorithm-diff-xs-perl libalgorithm-merge-perl
  libapparmor1 libasan4 libasn1-8-heimdal libassuan0 libatomic1 libbinutils
  libc-dev-bin libc6-dev libcc1-0 libcilkrts5 libcurl4 libdbus-1-3
  libdpkg-perl libexpat1 libexpat1-dev libfakeroot libfile-fcntllock-perl
  libgcc-7-dev libgdbm-compat4 libgdbm5 libgirepository-1.0-1 libglib2.0-0
  libglib2.0-data libgomp1 libgssapi-krb5-2 libgssapi3-heimdal
  libhcrypto4-heimdal libheimbase1-heimdal libheimntlm0-heimdal
  libhx509-5-heimdal libicu60 libisl19 libitm1 libk5crypto3 libkeyutils1
  libkrb5-26-heimdal libkrb5-3 libkrb5support0 libksba8 libldap-2.4-2
  libldap-common liblocale-gettext-perl liblsan0 libmagic-mgc libmagic1
  libmpc3 libmpdec2 libmpfr6 libmpx2 libnghttp2-14 libnpth0 libperl5.26
  libprotobuf-c1 libprotobuf10 libpsl5 libpython3-dev libpython3-stdlib
  libpython3.6 libpython3.6-dev libpython3.6-minimal libpython3.6-stdlib
  libquadmath0 libreadline7 libroken18-heimdal librtmp1 libsasl2-2
  libsasl2-modules libsasl2-modules-db libsqlite3-0 libssl1.1 libstdc++-7-dev
  libtsan0 libubsan0 libwind0-heimdal libxml2 linux-libc-dev make manpages
  manpages-dev mime-support netbase patch perl perl-modules-5.26
  pinentry-curses publicsuffix python-pip-whl python3-asn1crypto
  python3-cffi-backend python3-crypto python3-dbus python3-dev
  python3-distutils python3-gi python3-idna python3-keyring
  python3-keyrings.alt python3-lib2to3 python3-minimal python3-pkg-resources
  python3-secretstorage python3-setuptools python3-six python3-wheel
  python3-xdg python3.6 python3.6-dev python3.6-minimal readline-common
  shared-mime-info xdg-user-dirs xz-utils
Suggested packages:
  binutils-doc cpp-doc gcc-7-locales default-dbus-session-bus
  | dbus-session-bus dbus-user-session libpam-systemd pinentry-gnome3 tor
  debian-keyring g++-multilib g++-7-multilib gcc-7-doc libstdc++6-7-dbg
  gcc-multilib autoconf automake libtool flex bison gdb gcc-doc gcc-7-multilib
  libgcc1-dbg libgomp1-dbg libitm1-dbg libatomic1-dbg libasan4-dbg
  liblsan0-dbg libtsan0-dbg libubsan0-dbg libcilkrts5-dbg libmpx2-dbg
  libquadmath0-dbg parcimonie xloadimage scdaemon glibc-doc libcurl4-doc
  libidn11-dev libkrb5-dev libldap2-dev librtmp-dev libssh2-1-dev libssl-dev
  pkg-config zlib1g-dev git bzr gdbm-l10n krb5-doc krb5-user
  libsasl2-modules-gssapi-mit | libsasl2-modules-gssapi-heimdal
  libsasl2-modules-ldap libsasl2-modules-otp libsasl2-modules-sql
  libstdc++-7-doc make-doc man-browser ed diffutils-doc perl-doc
  libterm-readline-gnu-perl | libterm-readline-perl-perl pinentry-doc
  python3-doc python3-tk python3-venv python-crypto-doc
  python-cryptography-doc python3-cryptography-vectors python-dbus-doc
  python3-dbus-dbg gnome-keyring libkf5wallet-bin gir1.2-gnomekeyring-1.0
  python-secretstorage-doc python-setuptools-doc python3.6-venv python3.6-doc
  binfmt-support readline-doc
The following NEW packages will be installed:
  binutils binutils-common binutils-x86-64-linux-gnu build-essential
  ca-certificates cpp cpp-7 dbus dh-python dirmngr dpkg-dev fakeroot file g++
  g++-7 gcc gcc-7 gcc-7-base gir1.2-glib-2.0 gnupg gnupg-l10n gnupg-utils gpg
  gpg-agent gpg-wks-client gpg-wks-server gpgconf gpgsm krb5-locales
  libalgorithm-diff-perl libalgorithm-diff-xs-perl libalgorithm-merge-perl
  libapparmor1 libasan4 libasn1-8-heimdal libassuan0 libatomic1 libbinutils
  libc-dev-bin libc6-dev libcc1-0 libcilkrts5 libcurl4 libcurl4-openssl-dev
  libdbus-1-3 libdpkg-perl libexpat1 libexpat1-dev libfakeroot
  libfile-fcntllock-perl libgcc-7-dev libgdbm-compat4 libgdbm5
  libgirepository-1.0-1 libglib2.0-0 libglib2.0-data libgomp1 libgssapi-krb5-2
  libgssapi3-heimdal libhcrypto4-heimdal libheimbase1-heimdal
  libheimntlm0-heimdal libhx509-5-heimdal libicu60 libisl19 libitm1
  libk5crypto3 libkeyutils1 libkrb5-26-heimdal libkrb5-3 libkrb5support0
  libksba8 libldap-2.4-2 libldap-common liblocale-gettext-perl liblsan0
  libmagic-mgc libmagic1 libmpc3 libmpdec2 libmpfr6 libmpx2 libnghttp2-14
  libnpth0 libperl5.26 libprotobuf-c-dev libprotobuf-c1 libprotobuf10 libpsl5
  libpython3-dev libpython3-stdlib libpython3.6 libpython3.6-dev
  libpython3.6-minimal libpython3.6-stdlib libquadmath0 libreadline7
  libroken18-heimdal librtmp1 libsasl2-2 libsasl2-modules libsasl2-modules-db
  libsqlite3-0 libssl1.1 libstdc++-7-dev libtsan0 libubsan0 libwind0-heimdal
  libxml2 linux-libc-dev locales locales-all make manpages manpages-dev
  mime-support netbase openssl patch perl perl-modules-5.26 pinentry-curses
  publicsuffix python-pip-whl python3 python3-asn1crypto python3-cffi-backend
  python3-crypto python3-cryptography python3-dbus python3-dev
  python3-distutils python3-gi python3-idna python3-keyring
  python3-keyrings.alt python3-lib2to3 python3-minimal python3-pip
  python3-pkg-resources python3-protobuf python3-pyelftools
  python3-secretstorage python3-setuptools python3-six python3-wheel
  python3-xdg python3.6 python3.6-dev python3.6-minimal readline-common
  shared-mime-info xdg-user-dirs xz-utils
0 upgraded, 154 newly installed, 0 to remove and 2 not upgraded.
Need to get 133 MB of archives.
After this operation, 556 MB of additional disk space will be used.
Get:1 http://archive.ubuntu.com/ubuntu bionic/main amd64 liblocale-gettext-perl amd64 1.07-3build2 [16.6 kB]
Get:2 http://archive.ubuntu.com/ubuntu bionic-updates/main amd64 libssl1.1 amd64 1.1.1-1ubuntu2.1~18.04.20 [1302 kB]
Get:3 http://archive.ubuntu.com/ubuntu bionic-updates/main amd64 libpython3.6-minimal amd64 3.6.9-1~18.04ubuntu1.8 [533 kB]
Get:4 http://archive.ubuntu.com/ubuntu bionic-updates/main amd64 libexpat1 amd64 2.2.5-3ubuntu0.7 [82.6 kB]
Get:5 http://archive.ubuntu.com/ubuntu bionic-updates/main amd64 python3.6-minimal amd64 3.6.9-1~18.04ubuntu1.8 [1611 kB]
Get:6 http://archive.ubuntu.com/ubuntu bionic-updates/main amd64 python3-minimal amd64 3.6.7-1~18.04 [23.7 kB]
Get:7 http://archive.ubuntu.com/ubuntu bionic/main amd64 mime-support all 3.60ubuntu1 [30.1 kB]
Get:8 http://archive.ubuntu.com/ubuntu bionic/main amd64 libmpdec2 amd64 2.4.2-1ubuntu1 [84.1 kB]
Get:9 http://archive.ubuntu.com/ubuntu bionic/main amd64 readline-common all 7.0-3 [52.9 kB]
Get:10 http://archive.ubuntu.com/ubuntu bionic/main amd64 libreadline7 amd64 7.0-3 [124 kB]
Get:11 http://archive.ubuntu.com/ubuntu bionic-updates/main amd64 libsqlite3-0 amd64 3.22.0-1ubuntu0.6 [499 kB]
Get:12 http://archive.ubuntu.com/ubuntu bionic-updates/main amd64 libpython3.6-stdlib amd64 3.6.9-1~18.04ubuntu1.8 [1711 kB]
Get:13 http://archive.ubuntu.com/ubuntu bionic-updates/main amd64 python3.6 amd64 3.6.9-1~18.04ubuntu1.8 [203 kB]
Get:14 http://archive.ubuntu.com/ubuntu bionic-updates/main amd64 libpython3-stdlib amd64 3.6.7-1~18.04 [7240 B]
Get:15 http://archive.ubuntu.com/ubuntu bionic-updates/main amd64 python3 amd64 3.6.7-1~18.04 [47.2 kB]
Get:16 http://archive.ubuntu.com/ubuntu bionic-updates/main amd64 perl-modules-5.26 all 5.26.1-6ubuntu0.5 [2762 kB]
Get:17 http://archive.ubuntu.com/ubuntu bionic/main amd64 libgdbm5 amd64 1.14.1-6 [26.0 kB]
Get:18 http://archive.ubuntu.com/ubuntu bionic/main amd64 libgdbm-compat4 amd64 1.14.1-6 [6084 B]
Get:19 http://archive.ubuntu.com/ubuntu bionic-updates/main amd64 libperl5.26 amd64 5.26.1-6ubuntu0.5 [3534 kB]
Get:20 http://archive.ubuntu.com/ubuntu bionic-updates/main amd64 perl amd64 5.26.1-6ubuntu0.5 [201 kB]
Get:21 http://archive.ubuntu.com/ubuntu bionic-updates/main amd64 openssl amd64 1.1.1-1ubuntu2.1~18.04.20 [614 kB]
Get:22 http://archive.ubuntu.com/ubuntu bionic-updates/main amd64 ca-certificates all 20211016~18.04.1 [144 kB]
Get:23 http://archive.ubuntu.com/ubuntu bionic-updates/main amd64 libapparmor1 amd64 2.12-4ubuntu5.1 [31.3 kB]
Get:24 http://archive.ubuntu.com/ubuntu bionic-updates/main amd64 libdbus-1-3 amd64 1.12.2-1ubuntu1.3 [175 kB]
Get:25 http://archive.ubuntu.com/ubuntu bionic-updates/main amd64 dbus amd64 1.12.2-1ubuntu1.3 [150 kB]
Get:26 http://archive.ubuntu.com/ubuntu bionic-updates/main amd64 libmagic-mgc amd64 1:5.32-2ubuntu0.4 [184 kB]
Get:27 http://archive.ubuntu.com/ubuntu bionic-updates/main amd64 libmagic1 amd64 1:5.32-2ubuntu0.4 [68.6 kB]
Get:28 http://archive.ubuntu.com/ubuntu bionic-updates/main amd64 file amd64 1:5.32-2ubuntu0.4 [22.1 kB]
Get:29 http://archive.ubuntu.com/ubuntu bionic-updates/main amd64 libglib2.0-0 amd64 2.56.4-0ubuntu0.18.04.9 [1169 kB]
Get:30 http://archive.ubuntu.com/ubuntu bionic/main amd64 libgirepository-1.0-1 amd64 1.56.1-1 [82.0 kB]
Get:31 http://archive.ubuntu.com/ubuntu bionic/main amd64 gir1.2-glib-2.0 amd64 1.56.1-1 [131 kB]
Get:32 http://archive.ubuntu.com/ubuntu bionic-updates/main amd64 libglib2.0-data all 2.56.4-0ubuntu0.18.04.9 [4728 B]
Get:33 http://archive.ubuntu.com/ubuntu bionic-updates/main amd64 libicu60 amd64 60.2-3ubuntu3.2 [8050 kB]
Get:34 http://archive.ubuntu.com/ubuntu bionic-updates/main amd64 libxml2 amd64 2.9.4+dfsg1-6.1ubuntu1.7 [663 kB]
Get:35 http://archive.ubuntu.com/ubuntu bionic-updates/main amd64 locales all 2.27-3ubuntu1.6 [3613 kB]
Get:36 http://archive.ubuntu.com/ubuntu bionic/main amd64 netbase all 5.4 [12.7 kB]
Get:37 http://archive.ubuntu.com/ubuntu bionic/main amd64 python3-dbus amd64 1.2.6-1 [89.9 kB]
Get:38 http://archive.ubuntu.com/ubuntu bionic-updates/main amd64 python3-gi amd64 3.26.1-2ubuntu1 [153 kB]
Get:39 http://archive.ubuntu.com/ubuntu bionic/main amd64 shared-mime-info amd64 1.9-2 [426 kB]
Get:40 http://archive.ubuntu.com/ubuntu bionic/main amd64 xdg-user-dirs amd64 0.17-1ubuntu1 [48.0 kB]
Get:41 http://archive.ubuntu.com/ubuntu bionic-updates/main amd64 xz-utils amd64 5.2.2-1.3ubuntu0.1 [83.8 kB]
Get:42 http://archive.ubuntu.com/ubuntu bionic-updates/main amd64 krb5-locales all 1.16-2ubuntu0.2 [13.4 kB]
Get:43 http://archive.ubuntu.com/ubuntu bionic-updates/main amd64 libkrb5support0 amd64 1.16-2ubuntu0.2 [30.8 kB]
Get:44 http://archive.ubuntu.com/ubuntu bionic-updates/main amd64 libk5crypto3 amd64 1.16-2ubuntu0.2 [85.5 kB]
Get:45 http://archive.ubuntu.com/ubuntu bionic-updates/main amd64 libkeyutils1 amd64 1.5.9-9.2ubuntu2.1 [8764 B]
Get:46 http://archive.ubuntu.com/ubuntu bionic-updates/main amd64 libkrb5-3 amd64 1.16-2ubuntu0.2 [279 kB]
Get:47 http://archive.ubuntu.com/ubuntu bionic-updates/main amd64 libgssapi-krb5-2 amd64 1.16-2ubuntu0.2 [122 kB]
Get:48 http://archive.ubuntu.com/ubuntu bionic/main amd64 libpsl5 amd64 0.19.1-5build1 [41.8 kB]
Get:49 http://archive.ubuntu.com/ubuntu bionic/main amd64 manpages all 4.15-1 [1234 kB]
Get:50 http://archive.ubuntu.com/ubuntu bionic/main amd64 publicsuffix all 20180223.1310-1 [97.6 kB]
Get:51 http://archive.ubuntu.com/ubuntu bionic-updates/main amd64 binutils-common amd64 2.30-21ubuntu1~18.04.7 [197 kB]
Get:52 http://archive.ubuntu.com/ubuntu bionic-updates/main amd64 libbinutils amd64 2.30-21ubuntu1~18.04.7 [489 kB]
Get:53 http://archive.ubuntu.com/ubuntu bionic-updates/main amd64 binutils-x86-64-linux-gnu amd64 2.30-21ubuntu1~18.04.7 [1839 kB]
Get:54 http://archive.ubuntu.com/ubuntu bionic-updates/main amd64 binutils amd64 2.30-21ubuntu1~18.04.7 [3388 B]
Get:55 http://archive.ubuntu.com/ubuntu bionic-updates/main amd64 libc-dev-bin amd64 2.27-3ubuntu1.6 [71.9 kB]
Get:56 http://archive.ubuntu.com/ubuntu bionic-updates/main amd64 linux-libc-dev amd64 4.15.0-193.204 [985 kB]
Get:57 http://archive.ubuntu.com/ubuntu bionic-updates/main amd64 libc6-dev amd64 2.27-3ubuntu1.6 [2587 kB]
Get:58 http://archive.ubuntu.com/ubuntu bionic-updates/main amd64 gcc-7-base amd64 7.5.0-3ubuntu1~18.04 [18.3 kB]
Get:59 http://archive.ubuntu.com/ubuntu bionic/main amd64 libisl19 amd64 0.19-1 [551 kB]
Get:60 http://archive.ubuntu.com/ubuntu bionic/main amd64 libmpfr6 amd64 4.0.1-1 [243 kB]
Get:61 http://archive.ubuntu.com/ubuntu bionic/main amd64 libmpc3 amd64 1.1.0-1 [40.8 kB]
Get:62 http://archive.ubuntu.com/ubuntu bionic-updates/main amd64 cpp-7 amd64 7.5.0-3ubuntu1~18.04 [8591 kB]
Get:63 http://archive.ubuntu.com/ubuntu bionic-updates/main amd64 cpp amd64 4:7.4.0-1ubuntu2.3 [27.7 kB]
Get:64 http://archive.ubuntu.com/ubuntu bionic-updates/main amd64 libcc1-0 amd64 8.4.0-1ubuntu1~18.04 [39.4 kB]
Get:65 http://archive.ubuntu.com/ubuntu bionic-updates/main amd64 libgomp1 amd64 8.4.0-1ubuntu1~18.04 [76.5 kB]
Get:66 http://archive.ubuntu.com/ubuntu bionic-updates/main amd64 libitm1 amd64 8.4.0-1ubuntu1~18.04 [27.9 kB]
Get:67 http://archive.ubuntu.com/ubuntu bionic-updates/main amd64 libatomic1 amd64 8.4.0-1ubuntu1~18.04 [9192 B]
Get:68 http://archive.ubuntu.com/ubuntu bionic-updates/main amd64 libasan4 amd64 7.5.0-3ubuntu1~18.04 [358 kB]
Get:69 http://archive.ubuntu.com/ubuntu bionic-updates/main amd64 liblsan0 amd64 8.4.0-1ubuntu1~18.04 [133 kB]
Get:70 http://archive.ubuntu.com/ubuntu bionic-updates/main amd64 libtsan0 amd64 8.4.0-1ubuntu1~18.04 [288 kB]
Get:71 http://archive.ubuntu.com/ubuntu bionic-updates/main amd64 libubsan0 amd64 7.5.0-3ubuntu1~18.04 [126 kB]
Get:72 http://archive.ubuntu.com/ubuntu bionic-updates/main amd64 libcilkrts5 amd64 7.5.0-3ubuntu1~18.04 [42.5 kB]
Get:73 http://archive.ubuntu.com/ubuntu bionic-updates/main amd64 libmpx2 amd64 8.4.0-1ubuntu1~18.04 [11.6 kB]
Get:74 http://archive.ubuntu.com/ubuntu bionic-updates/main amd64 libquadmath0 amd64 8.4.0-1ubuntu1~18.04 [134 kB]
Get:75 http://archive.ubuntu.com/ubuntu bionic-updates/main amd64 libgcc-7-dev amd64 7.5.0-3ubuntu1~18.04 [2378 kB]
Get:76 http://archive.ubuntu.com/ubuntu bionic-updates/main amd64 gcc-7 amd64 7.5.0-3ubuntu1~18.04 [9381 kB]
Get:77 http://archive.ubuntu.com/ubuntu bionic-updates/main amd64 gcc amd64 4:7.4.0-1ubuntu2.3 [5184 B]
Get:78 http://archive.ubuntu.com/ubuntu bionic-updates/main amd64 libstdc++-7-dev amd64 7.5.0-3ubuntu1~18.04 [1471 kB]
Get:79 http://archive.ubuntu.com/ubuntu bionic-updates/main amd64 g++-7 amd64 7.5.0-3ubuntu1~18.04 [9697 kB]
Get:80 http://archive.ubuntu.com/ubuntu bionic-updates/main amd64 g++ amd64 4:7.4.0-1ubuntu2.3 [1568 B]
Get:81 http://archive.ubuntu.com/ubuntu bionic/main amd64 make amd64 4.1-9.1ubuntu1 [154 kB]
Get:82 http://archive.ubuntu.com/ubuntu bionic-updates/main amd64 libdpkg-perl all 1.19.0.5ubuntu2.4 [212 kB]
Get:83 http://archive.ubuntu.com/ubuntu bionic-updates/main amd64 patch amd64 2.7.6-2ubuntu1.1 [102 kB]
Get:84 http://archive.ubuntu.com/ubuntu bionic-updates/main amd64 dpkg-dev all 1.19.0.5ubuntu2.4 [607 kB]
Get:85 http://archive.ubuntu.com/ubuntu bionic/main amd64 build-essential amd64 12.4ubuntu1 [4758 B]
Get:86 http://archive.ubuntu.com/ubuntu bionic-updates/main amd64 python3-lib2to3 all 3.6.9-1~18.04 [77.4 kB]
Get:87 http://archive.ubuntu.com/ubuntu bionic-updates/main amd64 python3-distutils all 3.6.9-1~18.04 [144 kB]
Get:88 http://archive.ubuntu.com/ubuntu bionic/main amd64 dh-python all 3.20180325ubuntu2 [89.2 kB]
Get:89 http://archive.ubuntu.com/ubuntu bionic/main amd64 libassuan0 amd64 2.5.1-2 [35.0 kB]
Get:90 http://archive.ubuntu.com/ubuntu bionic-updates/main amd64 gpgconf amd64 2.2.4-1ubuntu1.6 [124 kB]
Get:91 http://archive.ubuntu.com/ubuntu bionic/main amd64 libksba8 amd64 1.3.5-2 [92.6 kB]
Get:92 http://archive.ubuntu.com/ubuntu bionic/main amd64 libroken18-heimdal amd64 7.5.0+dfsg-1 [41.3 kB]
Get:93 http://archive.ubuntu.com/ubuntu bionic/main amd64 libasn1-8-heimdal amd64 7.5.0+dfsg-1 [175 kB]
Get:94 http://archive.ubuntu.com/ubuntu bionic/main amd64 libheimbase1-heimdal amd64 7.5.0+dfsg-1 [29.3 kB]
Get:95 http://archive.ubuntu.com/ubuntu bionic/main amd64 libhcrypto4-heimdal amd64 7.5.0+dfsg-1 [85.9 kB]
Get:96 http://archive.ubuntu.com/ubuntu bionic/main amd64 libwind0-heimdal amd64 7.5.0+dfsg-1 [47.8 kB]
Get:97 http://archive.ubuntu.com/ubuntu bionic/main amd64 libhx509-5-heimdal amd64 7.5.0+dfsg-1 [107 kB]
Get:98 http://archive.ubuntu.com/ubuntu bionic/main amd64 libkrb5-26-heimdal amd64 7.5.0+dfsg-1 [206 kB]
Get:99 http://archive.ubuntu.com/ubuntu bionic/main amd64 libheimntlm0-heimdal amd64 7.5.0+dfsg-1 [14.8 kB]
Get:100 http://archive.ubuntu.com/ubuntu bionic/main amd64 libgssapi3-heimdal amd64 7.5.0+dfsg-1 [96.5 kB]
Get:101 http://archive.ubuntu.com/ubuntu bionic-updates/main amd64 libsasl2-modules-db amd64 2.1.27~101-g0780600+dfsg-3ubuntu2.4 [15.0 kB]
Get:102 http://archive.ubuntu.com/ubuntu bionic-updates/main amd64 libsasl2-2 amd64 2.1.27~101-g0780600+dfsg-3ubuntu2.4 [49.2 kB]
Get:103 http://archive.ubuntu.com/ubuntu bionic-updates/main amd64 libldap-common all 2.4.45+dfsg-1ubuntu1.11 [15.8 kB]
Get:104 http://archive.ubuntu.com/ubuntu bionic-updates/main amd64 libldap-2.4-2 amd64 2.4.45+dfsg-1ubuntu1.11 [154 kB]
Get:105 http://archive.ubuntu.com/ubuntu bionic/main amd64 libnpth0 amd64 1.5-3 [7668 B]
Get:106 http://archive.ubuntu.com/ubuntu bionic-updates/main amd64 dirmngr amd64 2.2.4-1ubuntu1.6 [317 kB]
Get:107 http://archive.ubuntu.com/ubuntu bionic/main amd64 libfakeroot amd64 1.22-2ubuntu1 [25.9 kB]
Get:108 http://archive.ubuntu.com/ubuntu bionic/main amd64 fakeroot amd64 1.22-2ubuntu1 [62.3 kB]
Get:109 http://archive.ubuntu.com/ubuntu bionic-updates/main amd64 gnupg-l10n all 2.2.4-1ubuntu1.6 [50.1 kB]
Get:110 http://archive.ubuntu.com/ubuntu bionic-updates/main amd64 gnupg-utils amd64 2.2.4-1ubuntu1.6 [128 kB]
Get:111 http://archive.ubuntu.com/ubuntu bionic-updates/main amd64 gpg amd64 2.2.4-1ubuntu1.6 [468 kB]
Get:112 http://archive.ubuntu.com/ubuntu bionic/main amd64 pinentry-curses amd64 1.1.0-1 [35.8 kB]
Get:113 http://archive.ubuntu.com/ubuntu bionic-updates/main amd64 gpg-agent amd64 2.2.4-1ubuntu1.6 [227 kB]
Get:114 http://archive.ubuntu.com/ubuntu bionic-updates/main amd64 gpg-wks-client amd64 2.2.4-1ubuntu1.6 [91.8 kB]
Get:115 http://archive.ubuntu.com/ubuntu bionic-updates/main amd64 gpg-wks-server amd64 2.2.4-1ubuntu1.6 [85.0 kB]
Get:116 http://archive.ubuntu.com/ubuntu bionic-updates/main amd64 gpgsm amd64 2.2.4-1ubuntu1.6 [215 kB]
Get:117 http://archive.ubuntu.com/ubuntu bionic-updates/main amd64 gnupg amd64 2.2.4-1ubuntu1.6 [249 kB]
Get:118 http://archive.ubuntu.com/ubuntu bionic/main amd64 libalgorithm-diff-perl all 1.19.03-1 [47.6 kB]
Get:119 http://archive.ubuntu.com/ubuntu bionic/main amd64 libalgorithm-diff-xs-perl amd64 0.04-5 [11.1 kB]
Get:120 http://archive.ubuntu.com/ubuntu bionic/main amd64 libalgorithm-merge-perl all 0.08-3 [12.0 kB]
Get:121 http://archive.ubuntu.com/ubuntu bionic/main amd64 libnghttp2-14 amd64 1.30.0-1ubuntu1 [77.8 kB]
Get:122 http://archive.ubuntu.com/ubuntu bionic/main amd64 librtmp1 amd64 2.4+20151223.gitfa8646d.1-1 [54.2 kB]
Get:123 http://archive.ubuntu.com/ubuntu bionic-updates/main amd64 libcurl4 amd64 7.58.0-2ubuntu3.20 [220 kB]
Get:124 http://archive.ubuntu.com/ubuntu bionic-updates/main amd64 libcurl4-openssl-dev amd64 7.58.0-2ubuntu3.20 [302 kB]
Get:125 http://archive.ubuntu.com/ubuntu bionic-updates/main amd64 libexpat1-dev amd64 2.2.5-3ubuntu0.7 [124 kB]
Get:126 http://archive.ubuntu.com/ubuntu bionic/main amd64 libfile-fcntllock-perl amd64 0.22-3build2 [33.2 kB]
Get:127 http://archive.ubuntu.com/ubuntu bionic/universe amd64 libprotobuf-c1 amd64 1.2.1-2 [19.0 kB]
Get:128 http://archive.ubuntu.com/ubuntu bionic/universe amd64 libprotobuf-c-dev amd64 1.2.1-2 [25.2 kB]
Get:129 http://archive.ubuntu.com/ubuntu bionic/main amd64 libprotobuf10 amd64 3.0.0-9.1ubuntu1 [651 kB]
Get:130 http://archive.ubuntu.com/ubuntu bionic-updates/main amd64 libpython3.6 amd64 3.6.9-1~18.04ubuntu1.8 [1414 kB]
Get:131 http://archive.ubuntu.com/ubuntu bionic-updates/main amd64 libpython3.6-dev amd64 3.6.9-1~18.04ubuntu1.8 [44.9 MB]
Get:132 http://archive.ubuntu.com/ubuntu bionic-updates/main amd64 libpython3-dev amd64 3.6.7-1~18.04 [7328 B]
Get:133 http://archive.ubuntu.com/ubuntu bionic-updates/main amd64 libsasl2-modules amd64 2.1.27~101-g0780600+dfsg-3ubuntu2.4 [48.9 kB]
Get:134 http://archive.ubuntu.com/ubuntu bionic/main amd64 manpages-dev all 4.15-1 [2217 kB]
Get:135 http://archive.ubuntu.com/ubuntu bionic-updates/universe amd64 python-pip-whl all 9.0.1-2.3~ubuntu1.18.04.5 [1653 kB]
Get:136 http://archive.ubuntu.com/ubuntu bionic/main amd64 python3-asn1crypto all 0.24.0-1 [72.8 kB]
Get:137 http://archive.ubuntu.com/ubuntu bionic/main amd64 python3-cffi-backend amd64 1.11.5-1 [64.6 kB]
Get:138 http://archive.ubuntu.com/ubuntu bionic/main amd64 python3-crypto amd64 2.6.1-8ubuntu2 [244 kB]
Get:139 http://archive.ubuntu.com/ubuntu bionic/main amd64 python3-idna all 2.6-1 [32.5 kB]
Get:140 http://archive.ubuntu.com/ubuntu bionic/main amd64 python3-six all 1.11.0-2 [11.4 kB]
Get:141 http://archive.ubuntu.com/ubuntu bionic-updates/main amd64 python3-cryptography amd64 2.1.4-1ubuntu1.4 [220 kB]
Get:142 http://archive.ubuntu.com/ubuntu bionic-updates/main amd64 python3.6-dev amd64 3.6.9-1~18.04ubuntu1.8 [511 kB]
Get:143 http://archive.ubuntu.com/ubuntu bionic-updates/main amd64 python3-dev amd64 3.6.7-1~18.04 [1288 B]
Get:144 http://archive.ubuntu.com/ubuntu bionic/main amd64 python3-secretstorage all 2.3.1-2 [12.1 kB]
Get:145 http://archive.ubuntu.com/ubuntu bionic/main amd64 python3-keyring all 10.6.0-1 [26.7 kB]
Get:146 http://archive.ubuntu.com/ubuntu bionic/main amd64 python3-keyrings.alt all 3.0-1 [16.6 kB]
Get:147 http://archive.ubuntu.com/ubuntu bionic-updates/universe amd64 python3-pip all 9.0.1-2.3~ubuntu1.18.04.5 [114 kB]
Get:148 http://archive.ubuntu.com/ubuntu bionic/main amd64 python3-pkg-resources all 39.0.1-2 [98.8 kB]
Get:149 http://archive.ubuntu.com/ubuntu bionic/main amd64 python3-protobuf amd64 3.0.0-9.1ubuntu1 [262 kB]
Get:150 http://archive.ubuntu.com/ubuntu bionic/main amd64 python3-setuptools all 39.0.1-2 [248 kB]
Get:151 http://archive.ubuntu.com/ubuntu bionic/universe amd64 python3-wheel all 0.30.0-0.2 [36.5 kB]
Get:152 http://archive.ubuntu.com/ubuntu bionic-updates/main amd64 python3-xdg all 0.25-4ubuntu1.1 [31.3 kB]
Get:153 http://archive.ubuntu.com/ubuntu bionic-updates/universe amd64 locales-all amd64 2.27-3ubuntu1.6 [3959 kB]
Get:154 http://archive.ubuntu.com/ubuntu bionic/main amd64 python3-pyelftools all 0.24-4 [70.1 kB]
[91mdebconf: delaying package configuration, since apt-utils is not installed
[0m
Fetched 133 MB in 50s (2651 kB/s)
Selecting previously unselected package liblocale-gettext-perl.
(Reading database ... 
(Reading database ... 5%
(Reading database ... 10%
(Reading database ... 15%
(Reading database ... 20%
(Reading database ... 25%
(Reading database ... 30%
(Reading database ... 35%
(Reading database ... 40%
(Reading database ... 45%
(Reading database ... 50%
(Reading database ... 55%
(Reading database ... 60%
(Reading database ... 65%
(Reading database ... 70%
(Reading database ... 75%
(Reading database ... 80%
(Reading database ... 85%
(Reading database ... 90%
(Reading database ... 95%
(Reading database ... 100%
(Reading database ... 4051 files and directories currently installed.)
Preparing to unpack .../liblocale-gettext-perl_1.07-3build2_amd64.deb ...
Unpacking liblocale-gettext-perl (1.07-3build2) ...
Selecting previously unselected package libssl1.1:amd64.
Preparing to unpack .../libssl1.1_1.1.1-1ubuntu2.1~18.04.20_amd64.deb ...
Unpacking libssl1.1:amd64 (1.1.1-1ubuntu2.1~18.04.20) ...
Selecting previously unselected package libpython3.6-minimal:amd64.
Preparing to unpack .../libpython3.6-minimal_3.6.9-1~18.04ubuntu1.8_amd64.deb ...
Unpacking libpython3.6-minimal:amd64 (3.6.9-1~18.04ubuntu1.8) ...
Selecting previously unselected package libexpat1:amd64.
Preparing to unpack .../libexpat1_2.2.5-3ubuntu0.7_amd64.deb ...
Unpacking libexpat1:amd64 (2.2.5-3ubuntu0.7) ...
Selecting previously unselected package python3.6-minimal.
Preparing to unpack .../python3.6-minimal_3.6.9-1~18.04ubuntu1.8_amd64.deb ...
Unpacking python3.6-minimal (3.6.9-1~18.04ubuntu1.8) ...
Setting up libssl1.1:amd64 (1.1.1-1ubuntu2.1~18.04.20) ...
Setting up libpython3.6-minimal:amd64 (3.6.9-1~18.04ubuntu1.8) ...
Setting up libexpat1:amd64 (2.2.5-3ubuntu0.7) ...
Setting up python3.6-minimal (3.6.9-1~18.04ubuntu1.8) ...
Selecting previously unselected package python3-minimal.
(Reading database ... 
(Reading database ... 5%
(Reading database ... 10%
(Reading database ... 15%
(Reading database ... 20%
(Reading database ... 25%
(Reading database ... 30%
(Reading database ... 35%
(Reading database ... 40%
(Reading database ... 45%
(Reading database ... 50%
(Reading database ... 55%
(Reading database ... 60%
(Reading database ... 65%
(Reading database ... 70%
(Reading database ... 75%
(Reading database ... 80%
(Reading database ... 85%
(Reading database ... 90%
(Reading database ... 95%
(Reading database ... 100%
(Reading database ... 4322 files and directories currently installed.)
Preparing to unpack .../0-python3-minimal_3.6.7-1~18.04_amd64.deb ...
Unpacking python3-minimal (3.6.7-1~18.04) ...
Selecting previously unselected package mime-support.
Preparing to unpack .../1-mime-support_3.60ubuntu1_all.deb ...
Unpacking mime-support (3.60ubuntu1) ...
Selecting previously unselected package libmpdec2:amd64.
Preparing to unpack .../2-libmpdec2_2.4.2-1ubuntu1_amd64.deb ...
Unpacking libmpdec2:amd64 (2.4.2-1ubuntu1) ...
Selecting previously unselected package readline-common.
Preparing to unpack .../3-readline-common_7.0-3_all.deb ...
Unpacking readline-common (7.0-3) ...
Selecting previously unselected package libreadline7:amd64.
Preparing to unpack .../4-libreadline7_7.0-3_amd64.deb ...
Unpacking libreadline7:amd64 (7.0-3) ...
Selecting previously unselected package libsqlite3-0:amd64.
Preparing to unpack .../5-libsqlite3-0_3.22.0-1ubuntu0.6_amd64.deb ...
Unpacking libsqlite3-0:amd64 (3.22.0-1ubuntu0.6) ...
Selecting previously unselected package libpython3.6-stdlib:amd64.
Preparing to unpack .../6-libpython3.6-stdlib_3.6.9-1~18.04ubuntu1.8_amd64.deb ...
Unpacking libpython3.6-stdlib:amd64 (3.6.9-1~18.04ubuntu1.8) ...
Selecting previously unselected package python3.6.
Preparing to unpack .../7-python3.6_3.6.9-1~18.04ubuntu1.8_amd64.deb ...
Unpacking python3.6 (3.6.9-1~18.04ubuntu1.8) ...
Selecting previously unselected package libpython3-stdlib:amd64.
Preparing to unpack .../8-libpython3-stdlib_3.6.7-1~18.04_amd64.deb ...
Unpacking libpython3-stdlib:amd64 (3.6.7-1~18.04) ...
Setting up python3-minimal (3.6.7-1~18.04) ...
Selecting previously unselected package python3.
(Reading database ... 
(Reading database ... 5%
(Reading database ... 10%
(Reading database ... 15%
(Reading database ... 20%
(Reading database ... 25%
(Reading database ... 30%
(Reading database ... 35%
(Reading database ... 40%
(Reading database ... 45%
(Reading database ... 50%
(Reading database ... 55%
(Reading database ... 60%
(Reading database ... 65%
(Reading database ... 70%
(Reading database ... 75%
(Reading database ... 80%
(Reading database ... 85%
(Reading database ... 90%
(Reading database ... 95%
(Reading database ... 100%
(Reading database ... 4780 files and directories currently installed.)
Preparing to unpack .../000-python3_3.6.7-1~18.04_amd64.deb ...
Unpacking python3 (3.6.7-1~18.04) ...
Selecting previously unselected package perl-modules-5.26.
Preparing to unpack .../001-perl-modules-5.26_5.26.1-6ubuntu0.5_all.deb ...
Unpacking perl-modules-5.26 (5.26.1-6ubuntu0.5) ...
Selecting previously unselected package libgdbm5:amd64.
Preparing to unpack .../002-libgdbm5_1.14.1-6_amd64.deb ...
Unpacking libgdbm5:amd64 (1.14.1-6) ...
Selecting previously unselected package libgdbm-compat4:amd64.
Preparing to unpack .../003-libgdbm-compat4_1.14.1-6_amd64.deb ...
Unpacking libgdbm-compat4:amd64 (1.14.1-6) ...
Selecting previously unselected package libperl5.26:amd64.
Preparing to unpack .../004-libperl5.26_5.26.1-6ubuntu0.5_amd64.deb ...
Unpacking libperl5.26:amd64 (5.26.1-6ubuntu0.5) ...
Selecting previously unselected package perl.
Preparing to unpack .../005-perl_5.26.1-6ubuntu0.5_amd64.deb ...
Unpacking perl (5.26.1-6ubuntu0.5) ...
Selecting previously unselected package openssl.
Preparing to unpack .../006-openssl_1.1.1-1ubuntu2.1~18.04.20_amd64.deb ...
Unpacking openssl (1.1.1-1ubuntu2.1~18.04.20) ...
Selecting previously unselected package ca-certificates.
Preparing to unpack .../007-ca-certificates_20211016~18.04.1_all.deb ...
Unpacking ca-certificates (20211016~18.04.1) ...
Selecting previously unselected package libapparmor1:amd64.
Preparing to unpack .../008-libapparmor1_2.12-4ubuntu5.1_amd64.deb ...
Unpacking libapparmor1:amd64 (2.12-4ubuntu5.1) ...
Selecting previously unselected package libdbus-1-3:amd64.
Preparing to unpack .../009-libdbus-1-3_1.12.2-1ubuntu1.3_amd64.deb ...
Unpacking libdbus-1-3:amd64 (1.12.2-1ubuntu1.3) ...
Selecting previously unselected package dbus.
Preparing to unpack .../010-dbus_1.12.2-1ubuntu1.3_amd64.deb ...
Unpacking dbus (1.12.2-1ubuntu1.3) ...
Selecting previously unselected package libmagic-mgc.
Preparing to unpack .../011-libmagic-mgc_1%3a5.32-2ubuntu0.4_amd64.deb ...
Unpacking libmagic-mgc (1:5.32-2ubuntu0.4) ...
Selecting previously unselected package libmagic1:amd64.
Preparing to unpack .../012-libmagic1_1%3a5.32-2ubuntu0.4_amd64.deb ...
Unpacking libmagic1:amd64 (1:5.32-2ubuntu0.4) ...
Selecting previously unselected package file.
Preparing to unpack .../013-file_1%3a5.32-2ubuntu0.4_amd64.deb ...
Unpacking file (1:5.32-2ubuntu0.4) ...
Selecting previously unselected package libglib2.0-0:amd64.
Preparing to unpack .../014-libglib2.0-0_2.56.4-0ubuntu0.18.04.9_amd64.deb ...
Unpacking libglib2.0-0:amd64 (2.56.4-0ubuntu0.18.04.9) ...
Selecting previously unselected package libgirepository-1.0-1:amd64.
Preparing to unpack .../015-libgirepository-1.0-1_1.56.1-1_amd64.deb ...
Unpacking libgirepository-1.0-1:amd64 (1.56.1-1) ...
Selecting previously unselected package gir1.2-glib-2.0:amd64.
Preparing to unpack .../016-gir1.2-glib-2.0_1.56.1-1_amd64.deb ...
Unpacking gir1.2-glib-2.0:amd64 (1.56.1-1) ...
Selecting previously unselected package libglib2.0-data.
Preparing to unpack .../017-libglib2.0-data_2.56.4-0ubuntu0.18.04.9_all.deb ...
Unpacking libglib2.0-data (2.56.4-0ubuntu0.18.04.9) ...
Selecting previously unselected package libicu60:amd64.
Preparing to unpack .../018-libicu60_60.2-3ubuntu3.2_amd64.deb ...
Unpacking libicu60:amd64 (60.2-3ubuntu3.2) ...
Selecting previously unselected package libxml2:amd64.
Preparing to unpack .../019-libxml2_2.9.4+dfsg1-6.1ubuntu1.7_amd64.deb ...
Unpacking libxml2:amd64 (2.9.4+dfsg1-6.1ubuntu1.7) ...
Selecting previously unselected package locales.
Preparing to unpack .../020-locales_2.27-3ubuntu1.6_all.deb ...
Unpacking locales (2.27-3ubuntu1.6) ...
Selecting previously unselected package netbase.
Preparing to unpack .../021-netbase_5.4_all.deb ...
Unpacking netbase (5.4) ...
Selecting previously unselected package python3-dbus.
Preparing to unpack .../022-python3-dbus_1.2.6-1_amd64.deb ...
Unpacking python3-dbus (1.2.6-1) ...
Selecting previously unselected package python3-gi.
Preparing to unpack .../023-python3-gi_3.26.1-2ubuntu1_amd64.deb ...
Unpacking python3-gi (3.26.1-2ubuntu1) ...
Selecting previously unselected package shared-mime-info.
Preparing to unpack .../024-shared-mime-info_1.9-2_amd64.deb ...
Unpacking shared-mime-info (1.9-2) ...
Selecting previously unselected package xdg-user-dirs.
Preparing to unpack .../025-xdg-user-dirs_0.17-1ubuntu1_amd64.deb ...
Unpacking xdg-user-dirs (0.17-1ubuntu1) ...
Selecting previously unselected package xz-utils.
Preparing to unpack .../026-xz-utils_5.2.2-1.3ubuntu0.1_amd64.deb ...
Unpacking xz-utils (5.2.2-1.3ubuntu0.1) ...
Selecting previously unselected package krb5-locales.
Preparing to unpack .../027-krb5-locales_1.16-2ubuntu0.2_all.deb ...
Unpacking krb5-locales (1.16-2ubuntu0.2) ...
Selecting previously unselected package libkrb5support0:amd64.
Preparing to unpack .../028-libkrb5support0_1.16-2ubuntu0.2_amd64.deb ...
Unpacking libkrb5support0:amd64 (1.16-2ubuntu0.2) ...
Selecting previously unselected package libk5crypto3:amd64.
Preparing to unpack .../029-libk5crypto3_1.16-2ubuntu0.2_amd64.deb ...
Unpacking libk5crypto3:amd64 (1.16-2ubuntu0.2) ...
Selecting previously unselected package libkeyutils1:amd64.
Preparing to unpack .../030-libkeyutils1_1.5.9-9.2ubuntu2.1_amd64.deb ...
Unpacking libkeyutils1:amd64 (1.5.9-9.2ubuntu2.1) ...
Selecting previously unselected package libkrb5-3:amd64.
Preparing to unpack .../031-libkrb5-3_1.16-2ubuntu0.2_amd64.deb ...
Unpacking libkrb5-3:amd64 (1.16-2ubuntu0.2) ...
Selecting previously unselected package libgssapi-krb5-2:amd64.
Preparing to unpack .../032-libgssapi-krb5-2_1.16-2ubuntu0.2_amd64.deb ...
Unpacking libgssapi-krb5-2:amd64 (1.16-2ubuntu0.2) ...
Selecting previously unselected package libpsl5:amd64.
Preparing to unpack .../033-libpsl5_0.19.1-5build1_amd64.deb ...
Unpacking libpsl5:amd64 (0.19.1-5build1) ...
Selecting previously unselected package manpages.
Preparing to unpack .../034-manpages_4.15-1_all.deb ...
Unpacking manpages (4.15-1) ...
Selecting previously unselected package publicsuffix.
Preparing to unpack .../035-publicsuffix_20180223.1310-1_all.deb ...
Unpacking publicsuffix (20180223.1310-1) ...
Selecting previously unselected package binutils-common:amd64.
Preparing to unpack .../036-binutils-common_2.30-21ubuntu1~18.04.7_amd64.deb ...
Unpacking binutils-common:amd64 (2.30-21ubuntu1~18.04.7) ...
Selecting previously unselected package libbinutils:amd64.
Preparing to unpack .../037-libbinutils_2.30-21ubuntu1~18.04.7_amd64.deb ...
Unpacking libbinutils:amd64 (2.30-21ubuntu1~18.04.7) ...
Selecting previously unselected package binutils-x86-64-linux-gnu.
Preparing to unpack .../038-binutils-x86-64-linux-gnu_2.30-21ubuntu1~18.04.7_amd64.deb ...
Unpacking binutils-x86-64-linux-gnu (2.30-21ubuntu1~18.04.7) ...
Selecting previously unselected package binutils.
Preparing to unpack .../039-binutils_2.30-21ubuntu1~18.04.7_amd64.deb ...
Unpacking binutils (2.30-21ubuntu1~18.04.7) ...
Selecting previously unselected package libc-dev-bin.
Preparing to unpack .../040-libc-dev-bin_2.27-3ubuntu1.6_amd64.deb ...
Unpacking libc-dev-bin (2.27-3ubuntu1.6) ...
Selecting previously unselected package linux-libc-dev:amd64.
Preparing to unpack .../041-linux-libc-dev_4.15.0-193.204_amd64.deb ...
Unpacking linux-libc-dev:amd64 (4.15.0-193.204) ...
Selecting previously unselected package libc6-dev:amd64.
Preparing to unpack .../042-libc6-dev_2.27-3ubuntu1.6_amd64.deb ...
Unpacking libc6-dev:amd64 (2.27-3ubuntu1.6) ...
Selecting previously unselected package gcc-7-base:amd64.
Preparing to unpack .../043-gcc-7-base_7.5.0-3ubuntu1~18.04_amd64.deb ...
Unpacking gcc-7-base:amd64 (7.5.0-3ubuntu1~18.04) ...
Selecting previously unselected package libisl19:amd64.
Preparing to unpack .../044-libisl19_0.19-1_amd64.deb ...
Unpacking libisl19:amd64 (0.19-1) ...
Selecting previously unselected package libmpfr6:amd64.
Preparing to unpack .../045-libmpfr6_4.0.1-1_amd64.deb ...
Unpacking libmpfr6:amd64 (4.0.1-1) ...
Selecting previously unselected package libmpc3:amd64.
Preparing to unpack .../046-libmpc3_1.1.0-1_amd64.deb ...
Unpacking libmpc3:amd64 (1.1.0-1) ...
Selecting previously unselected package cpp-7.
Preparing to unpack .../047-cpp-7_7.5.0-3ubuntu1~18.04_amd64.deb ...
Unpacking cpp-7 (7.5.0-3ubuntu1~18.04) ...
Selecting previously unselected package cpp.
Preparing to unpack .../048-cpp_4%3a7.4.0-1ubuntu2.3_amd64.deb ...
Unpacking cpp (4:7.4.0-1ubuntu2.3) ...
Selecting previously unselected package libcc1-0:amd64.
Preparing to unpack .../049-libcc1-0_8.4.0-1ubuntu1~18.04_amd64.deb ...
Unpacking libcc1-0:amd64 (8.4.0-1ubuntu1~18.04) ...
Selecting previously unselected package libgomp1:amd64.
Preparing to unpack .../050-libgomp1_8.4.0-1ubuntu1~18.04_amd64.deb ...
Unpacking libgomp1:amd64 (8.4.0-1ubuntu1~18.04) ...
Selecting previously unselected package libitm1:amd64.
Preparing to unpack .../051-libitm1_8.4.0-1ubuntu1~18.04_amd64.deb ...
Unpacking libitm1:amd64 (8.4.0-1ubuntu1~18.04) ...
Selecting previously unselected package libatomic1:amd64.
Preparing to unpack .../052-libatomic1_8.4.0-1ubuntu1~18.04_amd64.deb ...
Unpacking libatomic1:amd64 (8.4.0-1ubuntu1~18.04) ...
Selecting previously unselected package libasan4:amd64.
Preparing to unpack .../053-libasan4_7.5.0-3ubuntu1~18.04_amd64.deb ...
Unpacking libasan4:amd64 (7.5.0-3ubuntu1~18.04) ...
Selecting previously unselected package liblsan0:amd64.
Preparing to unpack .../054-liblsan0_8.4.0-1ubuntu1~18.04_amd64.deb ...
Unpacking liblsan0:amd64 (8.4.0-1ubuntu1~18.04) ...
Selecting previously unselected package libtsan0:amd64.
Preparing to unpack .../055-libtsan0_8.4.0-1ubuntu1~18.04_amd64.deb ...
Unpacking libtsan0:amd64 (8.4.0-1ubuntu1~18.04) ...
Selecting previously unselected package libubsan0:amd64.
Preparing to unpack .../056-libubsan0_7.5.0-3ubuntu1~18.04_amd64.deb ...
Unpacking libubsan0:amd64 (7.5.0-3ubuntu1~18.04) ...
Selecting previously unselected package libcilkrts5:amd64.
Preparing to unpack .../057-libcilkrts5_7.5.0-3ubuntu1~18.04_amd64.deb ...
Unpacking libcilkrts5:amd64 (7.5.0-3ubuntu1~18.04) ...
Selecting previously unselected package libmpx2:amd64.
Preparing to unpack .../058-libmpx2_8.4.0-1ubuntu1~18.04_amd64.deb ...
Unpacking libmpx2:amd64 (8.4.0-1ubuntu1~18.04) ...
Selecting previously unselected package libquadmath0:amd64.
Preparing to unpack .../059-libquadmath0_8.4.0-1ubuntu1~18.04_amd64.deb ...
Unpacking libquadmath0:amd64 (8.4.0-1ubuntu1~18.04) ...
Selecting previously unselected package libgcc-7-dev:amd64.
Preparing to unpack .../060-libgcc-7-dev_7.5.0-3ubuntu1~18.04_amd64.deb ...
Unpacking libgcc-7-dev:amd64 (7.5.0-3ubuntu1~18.04) ...
Selecting previously unselected package gcc-7.
Preparing to unpack .../061-gcc-7_7.5.0-3ubuntu1~18.04_amd64.deb ...
Unpacking gcc-7 (7.5.0-3ubuntu1~18.04) ...
Selecting previously unselected package gcc.
Preparing to unpack .../062-gcc_4%3a7.4.0-1ubuntu2.3_amd64.deb ...
Unpacking gcc (4:7.4.0-1ubuntu2.3) ...
Selecting previously unselected package libstdc++-7-dev:amd64.
Preparing to unpack .../063-libstdc++-7-dev_7.5.0-3ubuntu1~18.04_amd64.deb ...
Unpacking libstdc++-7-dev:amd64 (7.5.0-3ubuntu1~18.04) ...
Selecting previously unselected package g++-7.
Preparing to unpack .../064-g++-7_7.5.0-3ubuntu1~18.04_amd64.deb ...
Unpacking g++-7 (7.5.0-3ubuntu1~18.04) ...
Selecting previously unselected package g++.
Preparing to unpack .../065-g++_4%3a7.4.0-1ubuntu2.3_amd64.deb ...
Unpacking g++ (4:7.4.0-1ubuntu2.3) ...
Selecting previously unselected package make.
Preparing to unpack .../066-make_4.1-9.1ubuntu1_amd64.deb ...
Unpacking make (4.1-9.1ubuntu1) ...
Selecting previously unselected package libdpkg-perl.
Preparing to unpack .../067-libdpkg-perl_1.19.0.5ubuntu2.4_all.deb ...
Unpacking libdpkg-perl (1.19.0.5ubuntu2.4) ...
Selecting previously unselected package patch.
Preparing to unpack .../068-patch_2.7.6-2ubuntu1.1_amd64.deb ...
Unpacking patch (2.7.6-2ubuntu1.1) ...
Selecting previously unselected package dpkg-dev.
Preparing to unpack .../069-dpkg-dev_1.19.0.5ubuntu2.4_all.deb ...
Unpacking dpkg-dev (1.19.0.5ubuntu2.4) ...
Selecting previously unselected package build-essential.
Preparing to unpack .../070-build-essential_12.4ubuntu1_amd64.deb ...
Unpacking build-essential (12.4ubuntu1) ...
Selecting previously unselected package python3-lib2to3.
Preparing to unpack .../071-python3-lib2to3_3.6.9-1~18.04_all.deb ...
Unpacking python3-lib2to3 (3.6.9-1~18.04) ...
Selecting previously unselected package python3-distutils.
Preparing to unpack .../072-python3-distutils_3.6.9-1~18.04_all.deb ...
Unpacking python3-distutils (3.6.9-1~18.04) ...
Selecting previously unselected package dh-python.
Preparing to unpack .../073-dh-python_3.20180325ubuntu2_all.deb ...
Unpacking dh-python (3.20180325ubuntu2) ...
Selecting previously unselected package libassuan0:amd64.
Preparing to unpack .../074-libassuan0_2.5.1-2_amd64.deb ...
Unpacking libassuan0:amd64 (2.5.1-2) ...
Selecting previously unselected package gpgconf.
Preparing to unpack .../075-gpgconf_2.2.4-1ubuntu1.6_amd64.deb ...
Unpacking gpgconf (2.2.4-1ubuntu1.6) ...
Selecting previously unselected package libksba8:amd64.
Preparing to unpack .../076-libksba8_1.3.5-2_amd64.deb ...
Unpacking libksba8:amd64 (1.3.5-2) ...
Selecting previously unselected package libroken18-heimdal:amd64.
Preparing to unpack .../077-libroken18-heimdal_7.5.0+dfsg-1_amd64.deb ...
Unpacking libroken18-heimdal:amd64 (7.5.0+dfsg-1) ...
Selecting previously unselected package libasn1-8-heimdal:amd64.
Preparing to unpack .../078-libasn1-8-heimdal_7.5.0+dfsg-1_amd64.deb ...
Unpacking libasn1-8-heimdal:amd64 (7.5.0+dfsg-1) ...
Selecting previously unselected package libheimbase1-heimdal:amd64.
Preparing to unpack .../079-libheimbase1-heimdal_7.5.0+dfsg-1_amd64.deb ...
Unpacking libheimbase1-heimdal:amd64 (7.5.0+dfsg-1) ...
Selecting previously unselected package libhcrypto4-heimdal:amd64.
Preparing to unpack .../080-libhcrypto4-heimdal_7.5.0+dfsg-1_amd64.deb ...
Unpacking libhcrypto4-heimdal:amd64 (7.5.0+dfsg-1) ...
Selecting previously unselected package libwind0-heimdal:amd64.
Preparing to unpack .../081-libwind0-heimdal_7.5.0+dfsg-1_amd64.deb ...
Unpacking libwind0-heimdal:amd64 (7.5.0+dfsg-1) ...
Selecting previously unselected package libhx509-5-heimdal:amd64.
Preparing to unpack .../082-libhx509-5-heimdal_7.5.0+dfsg-1_amd64.deb ...
Unpacking libhx509-5-heimdal:amd64 (7.5.0+dfsg-1) ...
Selecting previously unselected package libkrb5-26-heimdal:amd64.
Preparing to unpack .../083-libkrb5-26-heimdal_7.5.0+dfsg-1_amd64.deb ...
Unpacking libkrb5-26-heimdal:amd64 (7.5.0+dfsg-1) ...
Selecting previously unselected package libheimntlm0-heimdal:amd64.
Preparing to unpack .../084-libheimntlm0-heimdal_7.5.0+dfsg-1_amd64.deb ...
Unpacking libheimntlm0-heimdal:amd64 (7.5.0+dfsg-1) ...
Selecting previously unselected package libgssapi3-heimdal:amd64.
Preparing to unpack .../085-libgssapi3-heimdal_7.5.0+dfsg-1_amd64.deb ...
Unpacking libgssapi3-heimdal:amd64 (7.5.0+dfsg-1) ...
Selecting previously unselected package libsasl2-modules-db:amd64.
Preparing to unpack .../086-libsasl2-modules-db_2.1.27~101-g0780600+dfsg-3ubuntu2.4_amd64.deb ...
Unpacking libsasl2-modules-db:amd64 (2.1.27~101-g0780600+dfsg-3ubuntu2.4) ...
Selecting previously unselected package libsasl2-2:amd64.
Preparing to unpack .../087-libsasl2-2_2.1.27~101-g0780600+dfsg-3ubuntu2.4_amd64.deb ...
Unpacking libsasl2-2:amd64 (2.1.27~101-g0780600+dfsg-3ubuntu2.4) ...
Selecting previously unselected package libldap-common.
Preparing to unpack .../088-libldap-common_2.4.45+dfsg-1ubuntu1.11_all.deb ...
Unpacking libldap-common (2.4.45+dfsg-1ubuntu1.11) ...
Selecting previously unselected package libldap-2.4-2:amd64.
Preparing to unpack .../089-libldap-2.4-2_2.4.45+dfsg-1ubuntu1.11_amd64.deb ...
Unpacking libldap-2.4-2:amd64 (2.4.45+dfsg-1ubuntu1.11) ...
Selecting previously unselected package libnpth0:amd64.
Preparing to unpack .../090-libnpth0_1.5-3_amd64.deb ...
Unpacking libnpth0:amd64 (1.5-3) ...
Selecting previously unselected package dirmngr.
Preparing to unpack .../091-dirmngr_2.2.4-1ubuntu1.6_amd64.deb ...
Unpacking dirmngr (2.2.4-1ubuntu1.6) ...
Selecting previously unselected package libfakeroot:amd64.
Preparing to unpack .../092-libfakeroot_1.22-2ubuntu1_amd64.deb ...
Unpacking libfakeroot:amd64 (1.22-2ubuntu1) ...
Selecting previously unselected package fakeroot.
Preparing to unpack .../093-fakeroot_1.22-2ubuntu1_amd64.deb ...
Unpacking fakeroot (1.22-2ubuntu1) ...
Selecting previously unselected package gnupg-l10n.
Preparing to unpack .../094-gnupg-l10n_2.2.4-1ubuntu1.6_all.deb ...
Unpacking gnupg-l10n (2.2.4-1ubuntu1.6) ...
Selecting previously unselected package gnupg-utils.
Preparing to unpack .../095-gnupg-utils_2.2.4-1ubuntu1.6_amd64.deb ...
Unpacking gnupg-utils (2.2.4-1ubuntu1.6) ...
Selecting previously unselected package gpg.
Preparing to unpack .../096-gpg_2.2.4-1ubuntu1.6_amd64.deb ...
Unpacking gpg (2.2.4-1ubuntu1.6) ...
Selecting previously unselected package pinentry-curses.
Preparing to unpack .../097-pinentry-curses_1.1.0-1_amd64.deb ...
Unpacking pinentry-curses (1.1.0-1) ...
Selecting previously unselected package gpg-agent.
Preparing to unpack .../098-gpg-agent_2.2.4-1ubuntu1.6_amd64.deb ...
Unpacking gpg-agent (2.2.4-1ubuntu1.6) ...
Selecting previously unselected package gpg-wks-client.
Preparing to unpack .../099-gpg-wks-client_2.2.4-1ubuntu1.6_amd64.deb ...
Unpacking gpg-wks-client (2.2.4-1ubuntu1.6) ...
Selecting previously unselected package gpg-wks-server.
Preparing to unpack .../100-gpg-wks-server_2.2.4-1ubuntu1.6_amd64.deb ...
Unpacking gpg-wks-server (2.2.4-1ubuntu1.6) ...
Selecting previously unselected package gpgsm.
Preparing to unpack .../101-gpgsm_2.2.4-1ubuntu1.6_amd64.deb ...
Unpacking gpgsm (2.2.4-1ubuntu1.6) ...
Selecting previously unselected package gnupg.
Preparing to unpack .../102-gnupg_2.2.4-1ubuntu1.6_amd64.deb ...
Unpacking gnupg (2.2.4-1ubuntu1.6) ...
Selecting previously unselected package libalgorithm-diff-perl.
Preparing to unpack .../103-libalgorithm-diff-perl_1.19.03-1_all.deb ...
Unpacking libalgorithm-diff-perl (1.19.03-1) ...
Selecting previously unselected package libalgorithm-diff-xs-perl.
Preparing to unpack .../104-libalgorithm-diff-xs-perl_0.04-5_amd64.deb ...
Unpacking libalgorithm-diff-xs-perl (0.04-5) ...
Selecting previously unselected package libalgorithm-merge-perl.
Preparing to unpack .../105-libalgorithm-merge-perl_0.08-3_all.deb ...
Unpacking libalgorithm-merge-perl (0.08-3) ...
Selecting previously unselected package libnghttp2-14:amd64.
Preparing to unpack .../106-libnghttp2-14_1.30.0-1ubuntu1_amd64.deb ...
Unpacking libnghttp2-14:amd64 (1.30.0-1ubuntu1) ...
Selecting previously unselected package librtmp1:amd64.
Preparing to unpack .../107-librtmp1_2.4+20151223.gitfa8646d.1-1_amd64.deb ...
Unpacking librtmp1:amd64 (2.4+20151223.gitfa8646d.1-1) ...
Selecting previously unselected package libcurl4:amd64.
Preparing to unpack .../108-libcurl4_7.58.0-2ubuntu3.20_amd64.deb ...
Unpacking libcurl4:amd64 (7.58.0-2ubuntu3.20) ...
Selecting previously unselected package libcurl4-openssl-dev:amd64.
Preparing to unpack .../109-libcurl4-openssl-dev_7.58.0-2ubuntu3.20_amd64.deb ...
Unpacking libcurl4-openssl-dev:amd64 (7.58.0-2ubuntu3.20) ...
Selecting previously unselected package libexpat1-dev:amd64.
Preparing to unpack .../110-libexpat1-dev_2.2.5-3ubuntu0.7_amd64.deb ...
Unpacking libexpat1-dev:amd64 (2.2.5-3ubuntu0.7) ...
Selecting previously unselected package libfile-fcntllock-perl.
Preparing to unpack .../111-libfile-fcntllock-perl_0.22-3build2_amd64.deb ...
Unpacking libfile-fcntllock-perl (0.22-3build2) ...
Selecting previously unselected package libprotobuf-c1:amd64.
Preparing to unpack .../112-libprotobuf-c1_1.2.1-2_amd64.deb ...
Unpacking libprotobuf-c1:amd64 (1.2.1-2) ...
Selecting previously unselected package libprotobuf-c-dev:amd64.
Preparing to unpack .../113-libprotobuf-c-dev_1.2.1-2_amd64.deb ...
Unpacking libprotobuf-c-dev:amd64 (1.2.1-2) ...
Selecting previously unselected package libprotobuf10:amd64.
Preparing to unpack .../114-libprotobuf10_3.0.0-9.1ubuntu1_amd64.deb ...
Unpacking libprotobuf10:amd64 (3.0.0-9.1ubuntu1) ...
Selecting previously unselected package libpython3.6:amd64.
Preparing to unpack .../115-libpython3.6_3.6.9-1~18.04ubuntu1.8_amd64.deb ...
Unpacking libpython3.6:amd64 (3.6.9-1~18.04ubuntu1.8) ...
Selecting previously unselected package libpython3.6-dev:amd64.
Preparing to unpack .../116-libpython3.6-dev_3.6.9-1~18.04ubuntu1.8_amd64.deb ...
Unpacking libpython3.6-dev:amd64 (3.6.9-1~18.04ubuntu1.8) ...
Selecting previously unselected package libpython3-dev:amd64.
Preparing to unpack .../117-libpython3-dev_3.6.7-1~18.04_amd64.deb ...
Unpacking libpython3-dev:amd64 (3.6.7-1~18.04) ...
Selecting previously unselected package libsasl2-modules:amd64.
Preparing to unpack .../118-libsasl2-modules_2.1.27~101-g0780600+dfsg-3ubuntu2.4_amd64.deb ...
Unpacking libsasl2-modules:amd64 (2.1.27~101-g0780600+dfsg-3ubuntu2.4) ...
Selecting previously unselected package manpages-dev.
Preparing to unpack .../119-manpages-dev_4.15-1_all.deb ...
Unpacking manpages-dev (4.15-1) ...
Selecting previously unselected package python-pip-whl.
Preparing to unpack .../120-python-pip-whl_9.0.1-2.3~ubuntu1.18.04.5_all.deb ...
Unpacking python-pip-whl (9.0.1-2.3~ubuntu1.18.04.5) ...
Selecting previously unselected package python3-asn1crypto.
Preparing to unpack .../121-python3-asn1crypto_0.24.0-1_all.deb ...
Unpacking python3-asn1crypto (0.24.0-1) ...
Selecting previously unselected package python3-cffi-backend.
Preparing to unpack .../122-python3-cffi-backend_1.11.5-1_amd64.deb ...
Unpacking python3-cffi-backend (1.11.5-1) ...
Selecting previously unselected package python3-crypto.
Preparing to unpack .../123-python3-crypto_2.6.1-8ubuntu2_amd64.deb ...
Unpacking python3-crypto (2.6.1-8ubuntu2) ...
Selecting previously unselected package python3-idna.
Preparing to unpack .../124-python3-idna_2.6-1_all.deb ...
Unpacking python3-idna (2.6-1) ...
Selecting previously unselected package python3-six.
Preparing to unpack .../125-python3-six_1.11.0-2_all.deb ...
Unpacking python3-six (1.11.0-2) ...
Selecting previously unselected package python3-cryptography.
Preparing to unpack .../126-python3-cryptography_2.1.4-1ubuntu1.4_amd64.deb ...
Unpacking python3-cryptography (2.1.4-1ubuntu1.4) ...
Selecting previously unselected package python3.6-dev.
Preparing to unpack .../127-python3.6-dev_3.6.9-1~18.04ubuntu1.8_amd64.deb ...
Unpacking python3.6-dev (3.6.9-1~18.04ubuntu1.8) ...
Selecting previously unselected package python3-dev.
Preparing to unpack .../128-python3-dev_3.6.7-1~18.04_amd64.deb ...
Unpacking python3-dev (3.6.7-1~18.04) ...
Selecting previously unselected package python3-secretstorage.
Preparing to unpack .../129-python3-secretstorage_2.3.1-2_all.deb ...
Unpacking python3-secretstorage (2.3.1-2) ...
Selecting previously unselected package python3-keyring.
Preparing to unpack .../130-python3-keyring_10.6.0-1_all.deb ...
Unpacking python3-keyring (10.6.0-1) ...
Selecting previously unselected package python3-keyrings.alt.
Preparing to unpack .../131-python3-keyrings.alt_3.0-1_all.deb ...
Unpacking python3-keyrings.alt (3.0-1) ...
Selecting previously unselected package python3-pip.
Preparing to unpack .../132-python3-pip_9.0.1-2.3~ubuntu1.18.04.5_all.deb ...
Unpacking python3-pip (9.0.1-2.3~ubuntu1.18.04.5) ...
Selecting previously unselected package python3-pkg-resources.
Preparing to unpack .../133-python3-pkg-resources_39.0.1-2_all.deb ...
Unpacking python3-pkg-resources (39.0.1-2) ...
Selecting previously unselected package python3-protobuf.
Preparing to unpack .../134-python3-protobuf_3.0.0-9.1ubuntu1_amd64.deb ...
Unpacking python3-protobuf (3.0.0-9.1ubuntu1) ...
Selecting previously unselected package python3-setuptools.
Preparing to unpack .../135-python3-setuptools_39.0.1-2_all.deb ...
Unpacking python3-setuptools (39.0.1-2) ...
Selecting previously unselected package python3-wheel.
Preparing to unpack .../136-python3-wheel_0.30.0-0.2_all.deb ...
Unpacking python3-wheel (0.30.0-0.2) ...
Selecting previously unselected package python3-xdg.
Preparing to unpack .../137-python3-xdg_0.25-4ubuntu1.1_all.deb ...
Unpacking python3-xdg (0.25-4ubuntu1.1) ...
Selecting previously unselected package locales-all.
Preparing to unpack .../138-locales-all_2.27-3ubuntu1.6_amd64.deb ...
Unpacking locales-all (2.27-3ubuntu1.6) ...
Selecting previously unselected package python3-pyelftools.
Preparing to unpack .../139-python3-pyelftools_0.24-4_all.deb ...
Unpacking python3-pyelftools (0.24-4) ...
Setting up libquadmath0:amd64 (8.4.0-1ubuntu1~18.04) ...
Setting up libnpth0:amd64 (1.5-3) ...
Setting up libgomp1:amd64 (8.4.0-1ubuntu1~18.04) ...
Setting up libatomic1:amd64 (8.4.0-1ubuntu1~18.04) ...
Setting up readline-common (7.0-3) ...
Setting up manpages (4.15-1) ...
Setting up libicu60:amd64 (60.2-3ubuntu3.2) ...
Setting up libcc1-0:amd64 (8.4.0-1ubuntu1~18.04) ...
Setting up make (4.1-9.1ubuntu1) ...
Setting up libnghttp2-14:amd64 (1.30.0-1ubuntu1) ...
Setting up mime-support (3.60ubuntu1) ...
Setting up libldap-common (2.4.45+dfsg-1ubuntu1.11) ...
Setting up libreadline7:amd64 (7.0-3) ...
Setting up libpsl5:amd64 (0.19.1-5build1) ...
Setting up libtsan0:amd64 (8.4.0-1ubuntu1~18.04) ...
Setting up libglib2.0-0:amd64 (2.56.4-0ubuntu0.18.04.9) ...
No schema files found: doing nothing.
Setting up libsasl2-modules-db:amd64 (2.1.27~101-g0780600+dfsg-3ubuntu2.4) ...
Setting up linux-libc-dev:amd64 (4.15.0-193.204) ...
Setting up libmpfr6:amd64 (4.0.1-1) ...
Setting up libsasl2-2:amd64 (2.1.27~101-g0780600+dfsg-3ubuntu2.4) ...
Setting up libprotobuf-c1:amd64 (1.2.1-2) ...
Setting up libroken18-heimdal:amd64 (7.5.0+dfsg-1) ...
Setting up libksba8:amd64 (1.3.5-2) ...
Setting up librtmp1:amd64 (2.4+20151223.gitfa8646d.1-1) ...
Setting up perl-modules-5.26 (5.26.1-6ubuntu0.5) ...
Setting up libgdbm5:amd64 (1.14.1-6) ...
Setting up libkrb5support0:amd64 (1.16-2ubuntu0.2) ...
Setting up libgirepository-1.0-1:amd64 (1.56.1-1) ...
Setting up libxml2:amd64 (2.9.4+dfsg1-6.1ubuntu1.7) ...
Setting up libmagic-mgc (1:5.32-2ubuntu0.4) ...
Setting up gnupg-l10n (2.2.4-1ubuntu1.6) ...
Setting up libmagic1:amd64 (1:5.32-2ubuntu0.4) ...
Setting up liblsan0:amd64 (8.4.0-1ubuntu1~18.04) ...
Setting up libprotobuf10:amd64 (3.0.0-9.1ubuntu1) ...
Setting up gcc-7-base:amd64 (7.5.0-3ubuntu1~18.04) ...
Setting up binutils-common:amd64 (2.30-21ubuntu1~18.04.7) ...
Setting up libmpx2:amd64 (8.4.0-1ubuntu1~18.04) ...
Setting up gir1.2-glib-2.0:amd64 (1.56.1-1) ...
Setting up patch (2.7.6-2ubuntu1.1) ...
Setting up libglib2.0-data (2.56.4-0ubuntu0.18.04.9) ...
Setting up locales-all (2.27-3ubuntu1.6) ...
Setting up krb5-locales (1.16-2ubuntu0.2) ...
Setting up publicsuffix (20180223.1310-1) ...
Setting up libapparmor1:amd64 (2.12-4ubuntu5.1) ...
Setting up xz-utils (5.2.2-1.3ubuntu0.1) ...
update-alternatives: using /usr/bin/xz to provide /usr/bin/lzma (lzma) in auto mode
update-alternatives: warning: skip creation of /usr/share/man/man1/lzma.1.gz because associated file /usr/share/man/man1/xz.1.gz (of link group lzma) doesn't exist
update-alternatives: warning: skip creation of /usr/share/man/man1/unlzma.1.gz because associated file /usr/share/man/man1/unxz.1.gz (of link group lzma) doesn't exist
update-alternatives: warning: skip creation of /usr/share/man/man1/lzcat.1.gz because associated file /usr/share/man/man1/xzcat.1.gz (of link group lzma) doesn't exist
update-alternatives: warning: skip creation of /usr/share/man/man1/lzmore.1.gz because associated file /usr/share/man/man1/xzmore.1.gz (of link group lzma) doesn't exist
update-alternatives: warning: skip creation of /usr/share/man/man1/lzless.1.gz because associated file /usr/share/man/man1/xzless.1.gz (of link group lzma) doesn't exist
update-alternatives: warning: skip creation of /usr/share/man/man1/lzdiff.1.gz because associated file /usr/share/man/man1/xzdiff.1.gz (of link group lzma) doesn't exist
update-alternatives: warning: skip creation of /usr/share/man/man1/lzcmp.1.gz because associated file /usr/share/man/man1/xzcmp.1.gz (of link group lzma) doesn't exist
update-alternatives: warning: skip creation of /usr/share/man/man1/lzgrep.1.gz because associated file /usr/share/man/man1/xzgrep.1.gz (of link group lzma) doesn't exist
update-alternatives: warning: skip creation of /usr/share/man/man1/lzegrep.1.gz because associated file /usr/share/man/man1/xzegrep.1.gz (of link group lzma) doesn't exist
update-alternatives: warning: skip creation of /usr/share/man/man1/lzfgrep.1.gz because associated file /usr/share/man/man1/xzfgrep.1.gz (of link group lzma) doesn't exist
Setting up libheimbase1-heimdal:amd64 (7.5.0+dfsg-1) ...
Setting up libfakeroot:amd64 (1.22-2ubuntu1) ...
Setting up openssl (1.1.1-1ubuntu2.1~18.04.20) ...
Setting up libsqlite3-0:amd64 (3.22.0-1ubuntu0.6) ...
Setting up liblocale-gettext-perl (1.07-3build2) ...
Setting up libprotobuf-c-dev:amd64 (1.2.1-2) ...
Setting up shared-mime-info (1.9-2) ...
Setting up libmpc3:amd64 (1.1.0-1) ...
Setting up libc-dev-bin (2.27-3ubuntu1.6) ...
Setting up libgdbm-compat4:amd64 (1.14.1-6) ...
Setting up libkeyutils1:amd64 (1.5.9-9.2ubuntu2.1) ...
Setting up libsasl2-modules:amd64 (2.1.27~101-g0780600+dfsg-3ubuntu2.4) ...
Setting up ca-certificates (20211016~18.04.1) ...
Updating certificates in /etc/ssl/certs...
127 added, 0 removed; done.
Setting up manpages-dev (4.15-1) ...
Setting up libc6-dev:amd64 (2.27-3ubuntu1.6) ...
Setting up libassuan0:amd64 (2.5.1-2) ...
Setting up xdg-user-dirs (0.17-1ubuntu1) ...
Setting up locales (2.27-3ubuntu1.6) ...
locales-all installed, skipping locales generation
Setting up libitm1:amd64 (8.4.0-1ubuntu1~18.04) ...
Setting up libmpdec2:amd64 (2.4.2-1ubuntu1) ...
Setting up libdbus-1-3:amd64 (1.12.2-1ubuntu1.3) ...
Setting up netbase (5.4) ...
Setting up libisl19:amd64 (0.19-1) ...
Setting up python-pip-whl (9.0.1-2.3~ubuntu1.18.04.5) ...
Setting up libpython3.6-stdlib:amd64 (3.6.9-1~18.04ubuntu1.8) ...
Setting up libk5crypto3:amd64 (1.16-2ubuntu0.2) ...
Setting up python3.6 (3.6.9-1~18.04ubuntu1.8) ...
Setting up libwind0-heimdal:amd64 (7.5.0+dfsg-1) ...
Setting up libasan4:amd64 (7.5.0-3ubuntu1~18.04) ...
Setting up libbinutils:amd64 (2.30-21ubuntu1~18.04.7) ...
Setting up libcilkrts5:amd64 (7.5.0-3ubuntu1~18.04) ...
Setting up libasn1-8-heimdal:amd64 (7.5.0+dfsg-1) ...
Setting up libubsan0:amd64 (7.5.0-3ubuntu1~18.04) ...
Setting up gpgconf (2.2.4-1ubuntu1.6) ...
Setting up libhcrypto4-heimdal:amd64 (7.5.0+dfsg-1) ...
Setting up file (1:5.32-2ubuntu0.4) ...
Setting up fakeroot (1.22-2ubuntu1) ...
update-alternatives: using /usr/bin/fakeroot-sysv to provide /usr/bin/fakeroot (fakeroot) in auto mode
update-alternatives: warning: skip creation of /usr/share/man/man1/fakeroot.1.gz because associated file /usr/share/man/man1/fakeroot-sysv.1.gz (of link group fakeroot) doesn't exist
update-alternatives: warning: skip creation of /usr/share/man/man1/faked.1.gz because associated file /usr/share/man/man1/faked-sysv.1.gz (of link group fakeroot) doesn't exist
update-alternatives: warning: skip creation of /usr/share/man/es/man1/fakeroot.1.gz because associated file /usr/share/man/es/man1/fakeroot-sysv.1.gz (of link group fakeroot) doesn't exist
update-alternatives: warning: skip creation of /usr/share/man/es/man1/faked.1.gz because associated file /usr/share/man/es/man1/faked-sysv.1.gz (of link group fakeroot) doesn't exist
update-alternatives: warning: skip creation of /usr/share/man/fr/man1/fakeroot.1.gz because associated file /usr/share/man/fr/man1/fakeroot-sysv.1.gz (of link group fakeroot) doesn't exist
update-alternatives: warning: skip creation of /usr/share/man/fr/man1/faked.1.gz because associated file /usr/share/man/fr/man1/faked-sysv.1.gz (of link group fakeroot) doesn't exist
update-alternatives: warning: skip creation of /usr/share/man/sv/man1/fakeroot.1.gz because associated file /usr/share/man/sv/man1/fakeroot-sysv.1.gz (of link group fakeroot) doesn't exist
update-alternatives: warning: skip creation of /usr/share/man/sv/man1/faked.1.gz because associated file /usr/share/man/sv/man1/faked-sysv.1.gz (of link group fakeroot) doesn't exist
Setting up libhx509-5-heimdal:amd64 (7.5.0+dfsg-1) ...
Setting up libgcc-7-dev:amd64 (7.5.0-3ubuntu1~18.04) ...
Setting up cpp-7 (7.5.0-3ubuntu1~18.04) ...
Setting up libstdc++-7-dev:amd64 (7.5.0-3ubuntu1~18.04) ...
Setting up libperl5.26:amd64 (5.26.1-6ubuntu0.5) ...
Setting up gpgsm (2.2.4-1ubuntu1.6) ...
Setting up gnupg-utils (2.2.4-1ubuntu1.6) ...
Setting up libexpat1-dev:amd64 (2.2.5-3ubuntu0.7) ...
Setting up pinentry-curses (1.1.0-1) ...
Setting up libkrb5-3:amd64 (1.16-2ubuntu0.2) ...
Setting up libkrb5-26-heimdal:amd64 (7.5.0+dfsg-1) ...
Setting up dbus (1.12.2-1ubuntu1.3) ...
Setting up libheimntlm0-heimdal:amd64 (7.5.0+dfsg-1) ...
Setting up gpg (2.2.4-1ubuntu1.6) ...
Setting up libpython3.6:amd64 (3.6.9-1~18.04ubuntu1.8) ...
Setting up binutils-x86-64-linux-gnu (2.30-21ubuntu1~18.04.7) ...
Setting up libpython3-stdlib:amd64 (3.6.7-1~18.04) ...
Setting up cpp (4:7.4.0-1ubuntu2.3) ...
Setting up python3 (3.6.7-1~18.04) ...
Setting up python3-cffi-backend (1.11.5-1) ...
Setting up python3-crypto (2.6.1-8ubuntu2) ...
Setting up python3-idna (2.6-1) ...
Setting up python3-xdg (0.25-4ubuntu1.1) ...
Setting up python3-six (1.11.0-2) ...
Setting up gpg-agent (2.2.4-1ubuntu1.6) ...
Setting up python3-wheel (0.30.0-0.2) ...
Setting up gpg-wks-server (2.2.4-1ubuntu1.6) ...
Setting up python3-pkg-resources (39.0.1-2) ...
Setting up python3-gi (3.26.1-2ubuntu1) ...
Setting up libpython3.6-dev:amd64 (3.6.9-1~18.04ubuntu1.8) ...
Setting up libgssapi-krb5-2:amd64 (1.16-2ubuntu0.2) ...
Setting up perl (5.26.1-6ubuntu0.5) ...
Setting up python3-asn1crypto (0.24.0-1) ...
Setting up libfile-fcntllock-perl (0.22-3build2) ...
Setting up python3-protobuf (3.0.0-9.1ubuntu1) ...
Setting up libalgorithm-diff-perl (1.19.03-1) ...
Setting up binutils (2.30-21ubuntu1~18.04.7) ...
Setting up python3-pyelftools (0.24-4) ...
Setting up libgssapi3-heimdal:amd64 (7.5.0+dfsg-1) ...
Setting up python3.6-dev (3.6.9-1~18.04ubuntu1.8) ...
Setting up python3-lib2to3 (3.6.9-1~18.04) ...
Setting up python3-distutils (3.6.9-1~18.04) ...
Setting up libpython3-dev:amd64 (3.6.7-1~18.04) ...
Setting up python3-cryptography (2.1.4-1ubuntu1.4) ...
Setting up python3-dbus (1.2.6-1) ...
Setting up gcc-7 (7.5.0-3ubuntu1~18.04) ...
Setting up g++-7 (7.5.0-3ubuntu1~18.04) ...
Setting up python3-keyrings.alt (3.0-1) ...
Setting up libdpkg-perl (1.19.0.5ubuntu2.4) ...
Setting up gcc (4:7.4.0-1ubuntu2.3) ...
Setting up libalgorithm-merge-perl (0.08-3) ...
Setting up dpkg-dev (1.19.0.5ubuntu2.4) ...
Setting up libalgorithm-diff-xs-perl (0.04-5) ...
Setting up libldap-2.4-2:amd64 (2.4.45+dfsg-1ubuntu1.11) ...
Setting up python3-pip (9.0.1-2.3~ubuntu1.18.04.5) ...
Setting up g++ (4:7.4.0-1ubuntu2.3) ...
update-alternatives: using /usr/bin/g++ to provide /usr/bin/c++ (c++) in auto mode
update-alternatives: warning: skip creation of /usr/share/man/man1/c++.1.gz because associated file /usr/share/man/man1/g++.1.gz (of link group c++) doesn't exist
Setting up python3-setuptools (39.0.1-2) ...
Setting up python3-secretstorage (2.3.1-2) ...
Setting up dirmngr (2.2.4-1ubuntu1.6) ...
Setting up dh-python (3.20180325ubuntu2) ...
Setting up python3-keyring (10.6.0-1) ...
Setting up build-essential (12.4ubuntu1) ...
Setting up libcurl4:amd64 (7.58.0-2ubuntu3.20) ...
Setting up python3-dev (3.6.7-1~18.04) ...
Setting up gpg-wks-client (2.2.4-1ubuntu1.6) ...
Setting up libcurl4-openssl-dev:amd64 (7.58.0-2ubuntu3.20) ...
Setting up gnupg (2.2.4-1ubuntu1.6) ...
Processing triggers for libc-bin (2.27-3ubuntu1.6) ...
Processing triggers for ca-certificates (20211016~18.04.1) ...
Updating certificates in /etc/ssl/certs...
0 added, 0 removed; done.
Running hooks in /etc/ca-certificates/update.d...
done.
Collecting click
  Downloading https://files.pythonhosted.org/packages/4a/a8/0b2ced25639fb20cc1c9784de90a8c25f9504a7f18cd8b5397bd61696d7d/click-8.0.4-py3-none-any.whl (97kB)
Collecting jinja2
  Downloading https://files.pythonhosted.org/packages/20/9a/e5d9ec41927401e41aea8af6d16e78b5e612bca4699d417f646a9610a076/Jinja2-3.0.3-py3-none-any.whl (133kB)
Requirement already satisfied: protobuf in /usr/lib/python3/dist-packages
Collecting toml>=0.10
  Downloading https://files.pythonhosted.org/packages/44/6f/7120676b6d73228c96e17f1f794d8ab046fc910d781c8d151120c3f1569e/toml-0.10.2-py2.py3-none-any.whl
Collecting importlib-metadata; python_version < "3.8" (from click)
  Downloading https://files.pythonhosted.org/packages/a0/a1/b153a0a4caf7a7e3f15c2cd56c7702e2cf3d89b1b359d1f1c5e59d68f4ce/importlib_metadata-4.8.3-py3-none-any.whl
Collecting MarkupSafe>=2.0 (from jinja2)
  Downloading https://files.pythonhosted.org/packages/fc/d6/57f9a97e56447a1e340f8574836d3b636e2c14de304943836bd645fa9c7e/MarkupSafe-2.0.1-cp36-cp36m-manylinux1_x86_64.whl
Collecting typing-extensions>=3.6.4; python_version < "3.8" (from importlib-metadata; python_version < "3.8"->click)
  Downloading https://files.pythonhosted.org/packages/45/6b/44f7f8f1e110027cf88956b59f2fad776cca7e1704396d043f89effd3a0e/typing_extensions-4.1.1-py3-none-any.whl
Collecting zipp>=0.5 (from importlib-metadata; python_version < "3.8"->click)
  Downloading https://files.pythonhosted.org/packages/bd/df/d4a4974a3e3957fd1c1fa3082366d7fff6e428ddb55f074bf64876f8e8ad/zipp-3.6.0-py3-none-any.whl
Installing collected packages: typing-extensions, zipp, importlib-metadata, click, MarkupSafe, jinja2, toml
Successfully installed MarkupSafe-2.0.1 click-8.0.4 importlib-metadata-4.8.3 jinja2-3.0.3 toml-0.10.2 typing-extensions-4.1.1 zipp-3.6.0
 ---> 835f3b2c5acd
Step 13/29 : RUN locale-gen en_US.UTF-8

 ---> Running in 1d6897e96ec6
Generating locales (this might take a while)...
  en_US.UTF-8
...
 done
Generation complete.
 ---> 52e02e50be4d
Step 14/29 : ENV LC_ALL en_US.UTF-8

 ---> Running in ab6338717d9b
 ---> 969045b8f573
Step 15/29 : ENV LANG en_US.UTF-8

 ---> Running in 2a993decb848
 ---> a147c3b67310
Step 16/29 : ENV LANGUAGE en_US.UTF-8

 ---> Running in a85249d88e9d
 ---> 5eb298e6510b
Step 17/29 : RUN mkdir -p /gramine/app_files

 ---> Running in a49bd3f7c32b
 ---> e9de9c81b4ed
Step 18/29 : RUN chown root /gramine/app_files/

 ---> Running in 11365fb44cfe
 ---> af807235bdfd
Step 19/29 : USER root

 ---> Running in 9a2870ee4433
 ---> fcf686955095
Step 20/29 : COPY --from=gramine --chown=root /gramine/meson_build_output /gramine/meson_build_output

 ---> 802937fac952
Step 21/29 : COPY --chown=root *.py /gramine/app_files/

 ---> addd20fe1190
Step 22/29 : COPY --chown=root apploader.sh /gramine/app_files/

 ---> 00e14a39ef81
Step 23/29 : COPY --chown=root entrypoint.manifest /gramine/app_files/

 ---> 99a5d103d234
Step 24/29 : RUN /gramine/meson_build_output/bin/gramine-argv-serializer         /gramine/app_files/bash "/usr/local/bin/entry_script_bash.sh" "" > /gramine/app_files/trusted_argv

 ---> Running in acbc8d80ee35
 ---> 605b6dd43937
Step 25/29 : RUN cd /gramine/app_files/     && which /bin/bash | xargs ln -s || true

 ---> Running in 5a62a42d37b5
 ---> 28ee8cf2ccf8
Step 26/29 : ENV PATH="/gramine/meson_build_output/bin:$PATH"

 ---> Running in 11b06e91159c
 ---> 199587be7ab2
Step 27/29 : RUN chmod u+x /gramine/app_files/apploader.sh     && /usr/bin/python3 -B /gramine/app_files/finalize_manifest.py     && rm -f /gramine/app_files/finalize_manifest.py

 ---> Running in 4a178f0571c1
	[from inside Docker container] Found 18118 files in `/`.
	[from inside Docker container] Successfully finalized `/gramine/app_files/entrypoint.manifest`.
 ---> 46da15893aa8
Step 28/29 : ENTRYPOINT ["/bin/bash", "/gramine/app_files/apploader.sh"]

 ---> Running in e474446724bc
 ---> a52c1772842b
Step 29/29 : CMD []

 ---> Running in 59e868cb6dcf
 ---> 5b165a56e052
Successfully built 5b165a56e052
Successfully tagged gsc-jk-bash_x-unsigned:latest
Successfully built an unsigned graminized Docker image `gsc-jk-bash_x-unsigned` from original application image `jk-bash_x`.


Untagged: gsc-jk-bash_x-unsigned:latest
Signing graminized Docker image `unsigned_image_name` -> `gsc-jk-bash`...
Step 1/6 : FROM gsc-jk-bash-unsigned as unsigned_image

 ---> 5b165a56e052
Step 2/6 : COPY gsc-signer-key.pem /gramine/app_files/gsc-signer-key.pem

 ---> 3aef068c9e26
Step 3/6 : RUN export PYTHONPATH="${PYTHONPATH}:$(find /gramine/meson_build_output/lib -type d -path '*/site-packages')" && gramine-sgx-sign       --key /gramine/app_files/gsc-signer-key.pem       --manifest /gramine/app_files/entrypoint.manifest       --output /gramine/app_files/entrypoint.manifest.sgx

 ---> Running in 3d448dd9c3da
Attributes:
    size:        0x40000000
    thread_num:  8
    isv_prod_id: 0
    isv_svn:     0
    attr.flags:  0x4
    attr.xfrm:   0x3
    misc_select: 0x0
SGX remote attestation:
    DCAP/ECDSA
Memory:
    000000003fd50000-0000000040000000 [REG:R--] (manifest) measured
    000000003fd10000-000000003fd50000 [REG:RW-] (ssa) measured
    000000003fd08000-000000003fd10000 [TCS:---] (tcs) measured
    000000003fd00000-000000003fd08000 [REG:RW-] (tls) measured
    000000003fcc0000-000000003fd00000 [REG:RW-] (stack) measured
    000000003fc80000-000000003fcc0000 [REG:RW-] (stack) measured
    000000003fc40000-000000003fc80000 [REG:RW-] (stack) measured
    000000003fc00000-000000003fc40000 [REG:RW-] (stack) measured
    000000003fbc0000-000000003fc00000 [REG:RW-] (stack) measured
    000000003fb80000-000000003fbc0000 [REG:RW-] (stack) measured
    000000003fb40000-000000003fb80000 [REG:RW-] (stack) measured
    000000003fb00000-000000003fb40000 [REG:RW-] (stack) measured
    000000003faf0000-000000003fb00000 [REG:RW-] (sig_stack) measured
    000000003fae0000-000000003faf0000 [REG:RW-] (sig_stack) measured
    000000003fad0000-000000003fae0000 [REG:RW-] (sig_stack) measured
    000000003fac0000-000000003fad0000 [REG:RW-] (sig_stack) measured
    000000003fab0000-000000003fac0000 [REG:RW-] (sig_stack) measured
    000000003faa0000-000000003fab0000 [REG:RW-] (sig_stack) measured
    000000003fa90000-000000003faa0000 [REG:RW-] (sig_stack) measured
    000000003fa80000-000000003fa90000 [REG:RW-] (sig_stack) measured
    000000003f45c000-000000003f4a9000 [REG:R-X] (code) measured
    000000003f6a8000-000000003fa80000 [REG:RW-] (data) measured
    0000000000010000-000000003f45c000 [REG:RWX] (free)
Measurement:
    02ec4c50d8a8550fc55108028a6736d2927da20677851afc381c71ae0bddf7b1
Removing intermediate container 3d448dd9c3da
 ---> 101930e87f7f
Step 4/6 : FROM gsc-jk-bash-unsigned

 ---> 5b165a56e052
Step 5/6 : COPY --from=unsigned_image /gramine/app_files/*.sig /gramine/app_files/

 ---> 8de99e42f822
Step 6/6 : COPY --from=unsigned_image /gramine/app_files/*.sgx /gramine/app_files/

 ---> 84184ee50e14
Successfully built 84184ee50e14
Successfully tagged gsc-jk-bash:latest
Successfully built a signed Docker image `gsc-jk-bash` from `gsc-jk-bash-unsigned`.
mr_enclave = "02ec4c50d8a8550fc55108028a6736d2927da20677851afc381c71ae0bddf7b1"
mr_signer = "f41dfb123aaa5392441351b7563677b9106dadb500a5e5e984c7bbc030dc11ae"
isv_prod_id = 0
isv_svn = 0
date = "2022-09-22"
flags = "0400000000000000"
xfrms = "0300000000000000"
misc_select = "00000000"
debug = false

